<?xml version="1.0" encoding="UTF-8"?>
<!-- Generated by org.testng.reporters.JUnitXMLReporter -->
<testsuite ignored="0" hostname="LAPTOP-HH6501NJ" failures="0" tests="3" name="Test" time="65.841" errors="0" timestamp="2025-03-06T13:58:00 IST">
  <testcase classname="TestCaseDemo.Test2" name="enterCredentials" time="10.916"/>
  <testcase classname="TestCaseDemo.Test3" name="TestMenu" time="6.103"/>
  <testcase classname="TestCaseDemo.Test1" name="TestTitle" time="0.819"/>
</testsuite> <!-- Test -->
